<?xml version="1.0" encoding="UTF-8"?>
<!-- Generated by org.testng.reporters.JUnitXMLReporter -->
<testsuite ignored="2" hostname="DESKTOP-K9M7R91" failures="0" tests="1" name="testng" time="3.382" errors="0" timestamp="2023-03-14T15:21:18 IST">
  <testcase classname="testclass.Baseclass" name="@BeforeTest beforeTest" time="3.316">
    <failure type="org.openqa.selenium.remote.http.ConnectionFailedException" message="Unable to establish websocket connection to http://localhost:49395/devtools/browser/e7b3ca1b-96bb-41ff-a395-f58c64f9a25e
Build info: version: &amp;apos;4.8.0&amp;apos;, revision: &amp;apos;267030adea&amp;apos;
System info: os.name: &amp;apos;Windows 11&amp;apos;, os.arch: &amp;apos;amd64&amp;apos;, os.version: &amp;apos;10.0&amp;apos;, java.version: &amp;apos;19.0.1&amp;apos;
Driver info: driver.version: ChromeDriver">
      <![CDATA[org.openqa.selenium.remote.http.ConnectionFailedException: Unable to establish websocket connection to http://localhost:49395/devtools/browser/e7b3ca1b-96bb-41ff-a395-f58c64f9a25e
Build info: version: '4.8.0', revision: '267030adea'
System info: os.name: 'Windows 11', os.arch: 'amd64', os.version: '10.0', java.version: '19.0.1'
Driver info: driver.version: ChromeDriver
at org.openqa.selenium.remote.http.netty.NettyWebSocket.<init>(NettyWebSocket.java:102)
at org.openqa.selenium.remote.http.netty.NettyWebSocket.lambda$create$3(NettyWebSocket.java:128)
at org.openqa.selenium.remote.http.netty.NettyClient.openSocket(NettyClient.java:107)
at org.openqa.selenium.devtools.Connection.<init>(Connection.java:78)
at org.openqa.selenium.chromium.ChromiumDriver.lambda$new$2(ChromiumDriver.java:116)
at java.base/java.util.Optional.map(Optional.java:260)
at org.openqa.selenium.chromium.ChromiumDriver.<init>(ChromiumDriver.java:114)
at org.openqa.selenium.chrome.ChromeDriver.<init>(ChromeDriver.java:82)
at org.openqa.selenium.chrome.ChromeDriver.<init>(ChromeDriver.java:50)
at testutility.StaticBrowser.openBrowser(StaticBrowser.java:18)
at testclass.Baseclass.beforeTest(Baseclass.java:19)
... Removed 22 stack frames]]>
    </failure>
  </testcase> <!-- @BeforeTest beforeTest -->
  <testcase classname="testclass.LoginTestclass" name="@BeforeClass beforeClass" time="-1.678787478112E9">
    <skipped/>
  </testcase> <!-- @BeforeClass beforeClass -->
  <testcase classname="testclass.LoginTestclass" name="@BeforeMethod beforeMehod" time="-1.678787478129E9">
    <skipped/>
  </testcase> <!-- @BeforeMethod beforeMehod -->
  <testcase classname="testclass.Baseclass" name="@AfterTest aftertest" time="-1.678787478142E9">
    <skipped/>
  </testcase> <!-- @AfterTest aftertest -->
  <testcase classname="testclass.LoginTestclass" name="VerifyLoginFunctionalityWithCorrectData" time="0.0">
    <skipped/>
  </testcase> <!-- VerifyLoginFunctionalityWithCorrectData -->
  <testcase classname="testclass.Baseclass" name="@AfterTest aftertest" time="0.0">
    <ignored/>
  </testcase> <!-- @AfterTest aftertest -->
  <testcase classname="testclass.Baseclass" name="@BeforeTest beforeTest" time="0.0">
    <ignored/>
  </testcase> <!-- @BeforeTest beforeTest -->
</testsuite> <!-- testng -->
